<?xml version="1.0" encoding="UTF-8"?>
<!-- Generated by org.testng.reporters.JUnitXMLReporter -->
<testsuite hostname="sushil" ignored="0" name=" HRM Login page test" tests="5" failures="1" timestamp="2022-01-17T13:09:01 IST" time="16.624" errors="0">
  <testcase name="LoginSauceLabs" time="0.556" classname="com.SauceLabs.testcases.SaucdLogin_Test">
    <failure type="java.lang.AssertionError" message="expected [true] but found [false]">
      <![CDATA[java.lang.AssertionError: expected [true] but found [false]
at com.SauceLabs.testcases.SaucdLogin_Test.LoginSauceLabs(SaucdLogin_Test.java:39)
at java.util.ArrayList.forEach(ArrayList.java:1257)
... Removed 35 stack frames]]>
    </failure>
  </testcase> <!-- LoginSauceLabs -->
  <testcase name="logout" time="0.282" classname="com.SauceLabs.testcases.SaucdLogin_Test"/>
  <testcase name="LoginSauceLabs" time="1.574" classname="com.SauceLabs.testcases.addCart_001"/>
  <testcase name="addCart" time="1.307" classname="com.SauceLabs.testcases.addCart_001"/>
  <testcase name="logout" time="0.251" classname="com.SauceLabs.testcases.addCart_001"/>
</testsuite> <!--  HRM Login page test -->
