-------------------------------------------------------------------------------
Test set: TestSuite
-------------------------------------------------------------------------------
Tests run: 5, Failures: 1, Errors: 0, Skipped: 0, Time elapsed: 18.452 s <<< FAILURE! - in TestSuite
com.SauceLabs.testcases.SaucdLogin_Test.LoginSauceLabs  Time elapsed: 0.563 s  <<< FAILURE!
java.lang.AssertionError: expected [true] but found [false]
	at com.SauceLabs.testcases.SaucdLogin_Test.LoginSauceLabs(SaucdLogin_Test.java:39)

