<?xml version="1.0" encoding="UTF-8"?>
<testsuite xmlns:xsi="http://www.w3.org/2001/XMLSchema-instance" xsi:noNamespaceSchemaLocation="https://maven.apache.org/surefire/maven-surefire-plugin/xsd/surefire-test-report-3.0.xsd" version="3.0" name="TestSuite" time="18.452" tests="5" errors="0" skipped="0" failures="1">
  <properties>
[...]
</properties>
  <testcase name="LoginSauceLabs" classname="com.SauceLabs.testcases.SaucdLogin_Test" time="0.563">
    <failure message="expected [true] but found [false]" type="java.lang.AssertionError"><![CDATA[java.lang.AssertionError: expected [true] but found [false]
	at com.SauceLabs.testcases.SaucdLogin_Test.LoginSauceLabs(SaucdLogin_Test.java:39)
]]></failure>
    <system-out><![CDATA[ INFO [main] (LogUtility.java:14)- ****************************************************************************************
 INFO [main] (LogUtility.java:15)- #################                Starting the test          ########################
 INFO [main] (LogUtility.java:16)- ****************************************************************************************
 INFO [main] (LogUtility.java:28)- Chrome browser launched
 INFO [main] (LogUtility.java:28)- Browser Maximized
 INFO [main] (LogUtility.java:28)- Loading application URL
 INFO [main] (LogUtility.java:14)- ****************************************************************************************
 INFO [main] (LogUtility.java:15)- #################                LoginSauceLabs          ########################
 INFO [main] (LogUtility.java:16)- ****************************************************************************************
 INFO [main] (LogUtility.java:28)- username entered
 INFO [main] (LogUtility.java:28)- Password entered
 INFO [main] (LogUtility.java:28)- Login Button clicked
ERROR [main] (LogUtility.java:36)- login failed
]]></system-out>
    <system-err><![CDATA[Starting ChromeDriver 97.0.4692.71 (adefa7837d02a07a604c1e6eff0b3a09422ab88d-refs/branch-heads/4692@{#1247}) on port 11228
Only local connections are allowed.
Please see https://chromedriver.chromium.org/security-considerations for suggestions on keeping ChromeDriver safe.
ChromeDriver was started successfully.
Jan 17, 2022 1:08:48 PM org.openqa.selenium.remote.ProtocolHandshake createSession
INFO: Detected dialect: W3C
]]></system-err>
  </testcase>
  <testcase name="logout" classname="com.SauceLabs.testcases.SaucdLogin_Test" time="0.287">
    <system-out><![CDATA[ INFO [main] (LogUtility.java:28)- Logout successful
]]></system-out>
  </testcase>
  <testcase name="LoginSauceLabs" classname="com.SauceLabs.testcases.addCart_001" time="1.58">
    <system-out><![CDATA[ INFO [main] (LogUtility.java:21)- ####################            -E---N---D-             #######################
 INFO [main] (LogUtility.java:14)- ****************************************************************************************
 INFO [main] (LogUtility.java:15)- #################                Starting the test          ########################
 INFO [main] (LogUtility.java:16)- ****************************************************************************************
 INFO [main] (LogUtility.java:28)- Chrome browser launched
 INFO [main] (LogUtility.java:28)- Browser Maximized
 INFO [main] (LogUtility.java:28)- Loading application URL
 INFO [main] (LogUtility.java:28)- login successful
]]></system-out>
    <system-err><![CDATA[Starting ChromeDriver 97.0.4692.71 (adefa7837d02a07a604c1e6eff0b3a09422ab88d-refs/branch-heads/4692@{#1247}) on port 3788
Only local connections are allowed.
Please see https://chromedriver.chromium.org/security-considerations for suggestions on keeping ChromeDriver safe.
ChromeDriver was started successfully.
Jan 17, 2022 1:08:54 PM org.openqa.selenium.remote.ProtocolHandshake createSession
INFO: Detected dialect: W3C
]]></system-err>
  </testcase>
  <testcase name="addCart" classname="com.SauceLabs.testcases.addCart_001" time="1.28">
    <system-out><![CDATA[ INFO [main] (LogUtility.java:28)- clicked on cart
 INFO [main] (LogUtility.java:28)- clicked on checkout button
 INFO [main] (LogUtility.java:28)- fname,lname and postal code provided
 INFO [main] (LogUtility.java:28)- placing order
 INFO [main] (LogUtility.java:28)- order placed
 INFO [main] (LogUtility.java:28)- Verifying order
 INFO [main] (LogUtility.java:28)- order place successfully
]]></system-out>
  </testcase>
  <testcase name="logout" classname="com.SauceLabs.testcases.addCart_001" time="0.245">
    <system-out><![CDATA[ INFO [main] (LogUtility.java:28)- logged out successfully
]]></system-out>
  </testcase>
</testsuite>